TN:
SF:src\app.module.ts
FNF:0
FNH:0
DA:1,0
DA:2,0
DA:3,0
DA:4,0
DA:5,0
DA:6,0
DA:7,0
DA:8,0
DA:9,0
DA:10,0
DA:11,0
DA:12,0
DA:13,0
DA:14,0
DA:15,0
DA:16,0
DA:17,0
DA:18,0
DA:19,0
DA:20,0
DA:21,0
DA:22,0
DA:23,0
DA:24,0
DA:25,0
DA:26,0
DA:27,0
DA:28,0
DA:29,0
DA:30,0
DA:31,0
DA:32,0
DA:33,0
DA:34,0
DA:35,0
DA:36,0
DA:37,0
DA:38,0
DA:39,0
DA:40,0
DA:41,0
DA:42,0
DA:110,0
LF:43
LH:0
BRF:0
BRH:0
end_of_record
TN:
SF:src\main.ts
FN:4,bootstrap
FNF:1
FNH:0
FNDA:0,bootstrap
DA:1,0
DA:2,0
DA:5,0
DA:6,0
DA:8,0
LF:5
LH:0
BRF:0
BRH:0
end_of_record
TN:
SF:src\bike\bike.module.ts
FNF:0
FNH:0
DA:1,0
DA:2,0
DA:3,0
DA:4,0
DA:9,0
LF:5
LH:0
BRF:0
BRH:0
end_of_record
TN:
SF:src\bike\bike.resolver.ts
FN:9,(anonymous_4)
FN:12,(anonymous_5)
FN:19,(anonymous_6)
FN:24,(anonymous_7)
FN:29,(anonymous_8)
FN:34,(anonymous_9)
FN:11,(anonymous_10)
FN:12,(anonymous_11)
FN:18,(anonymous_12)
FN:19,(anonymous_13)
FN:23,(anonymous_14)
FN:24,(anonymous_15)
FN:28,(anonymous_16)
FN:33,(anonymous_17)
FN:34,(anonymous_18)
FNF:15
FNH:3
FNDA:3,(anonymous_4)
FNDA:2,(anonymous_5)
FNDA:0,(anonymous_6)
FNDA:0,(anonymous_7)
FNDA:1,(anonymous_8)
FNDA:0,(anonymous_9)
FNDA:0,(anonymous_10)
FNDA:0,(anonymous_11)
FNDA:0,(anonymous_12)
FNDA:0,(anonymous_13)
FNDA:0,(anonymous_14)
FNDA:0,(anonymous_15)
FNDA:0,(anonymous_16)
FNDA:0,(anonymous_17)
FNDA:0,(anonymous_18)
DA:1,2
DA:2,2
DA:3,2
DA:4,2
DA:5,2
DA:8,2
DA:9,3
DA:11,0
DA:12,2
DA:13,2
DA:14,2
DA:15,1
DA:18,0
DA:19,2
DA:20,0
DA:23,0
DA:24,2
DA:25,0
DA:28,0
DA:29,2
DA:30,1
DA:33,0
DA:34,2
DA:35,0
LF:24
LH:16
BRDA:14,0,0,1
BRF:1
BRH:1
end_of_record
TN:
SF:src\bike-images\bike-images.module.ts
FNF:0
FNH:0
DA:1,0
DA:2,0
DA:3,0
DA:4,0
DA:9,0
LF:5
LH:0
BRF:0
BRH:0
end_of_record
TN:
SF:src\bike-images\bike-images.resolver.ts
FN:8,(anonymous_4)
FN:11,(anonymous_5)
FN:16,(anonymous_6)
FN:21,(anonymous_7)
FN:26,(anonymous_8)
FN:31,(anonymous_9)
FN:10,(anonymous_10)
FN:11,(anonymous_11)
FN:15,(anonymous_12)
FN:16,(anonymous_13)
FN:20,(anonymous_14)
FN:25,(anonymous_15)
FN:26,(anonymous_16)
FN:30,(anonymous_17)
FN:32,(anonymous_18)
FNF:15
FNH:1
FNDA:1,(anonymous_4)
FNDA:0,(anonymous_5)
FNDA:0,(anonymous_6)
FNDA:0,(anonymous_7)
FNDA:0,(anonymous_8)
FNDA:0,(anonymous_9)
FNDA:0,(anonymous_10)
FNDA:0,(anonymous_11)
FNDA:0,(anonymous_12)
FNDA:0,(anonymous_13)
FNDA:0,(anonymous_14)
FNDA:0,(anonymous_15)
FNDA:0,(anonymous_16)
FNDA:0,(anonymous_17)
FNDA:0,(anonymous_18)
DA:1,1
DA:2,1
DA:3,1
DA:4,1
DA:7,1
DA:8,1
DA:10,0
DA:11,1
DA:12,0
DA:15,0
DA:16,1
DA:17,0
DA:20,0
DA:21,1
DA:22,0
DA:25,0
DA:26,1
DA:27,0
DA:30,0
DA:31,1
DA:32,0
DA:34,0
LF:22
LH:11
BRF:0
BRH:0
end_of_record
TN:
SF:src\bike-images\input\bike-images.input.ts
FNF:0
FNH:0
DA:1,1
DA:9,1
DA:11,1
DA:14,1
DA:17,1
LF:5
LH:5
BRF:0
BRH:0
end_of_record
TN:
SF:src\bike-images\repository\bike-images.repository.ts
FN:8,(anonymous_2)
FN:10,(anonymous_3)
FN:14,(anonymous_4)
FN:18,(anonymous_5)
FN:22,(anonymous_6)
FN:26,(anonymous_7)
FNF:6
FNH:0
FNDA:0,(anonymous_2)
FNDA:0,(anonymous_3)
FNDA:0,(anonymous_4)
FNDA:0,(anonymous_5)
FNDA:0,(anonymous_6)
FNDA:0,(anonymous_7)
DA:1,1
DA:2,1
DA:7,1
DA:8,0
DA:11,0
DA:15,0
DA:19,0
DA:23,0
DA:27,0
LF:9
LH:3
BRF:0
BRH:0
end_of_record
TN:
SF:src\bike-images\schema\bike-images.schema.ts
FN:17,(anonymous_2)
FNF:1
FNH:0
FNDA:0,(anonymous_2)
DA:1,1
DA:2,1
DA:10,1
DA:12,1
DA:15,1
DA:17,0
DA:18,1
DA:21,1
LF:8
LH:7
BRF:0
BRH:0
end_of_record
TN:
SF:src\bike\input\bike.input.ts
FN:11,(anonymous_2)
FN:17,(anonymous_3)
FN:20,(anonymous_4)
FN:23,(anonymous_5)
FN:26,(anonymous_6)
FNF:5
FNH:0
FNDA:0,(anonymous_2)
FNDA:0,(anonymous_3)
FNDA:0,(anonymous_4)
FNDA:0,(anonymous_5)
FNDA:0,(anonymous_6)
DA:1,2
DA:4,2
DA:6,2
DA:9,2
DA:11,0
DA:12,2
DA:15,2
DA:17,0
DA:18,2
DA:20,0
DA:21,2
DA:23,0
DA:24,2
DA:26,0
DA:27,2
LF:15
LH:10
BRF:0
BRH:0
end_of_record
TN:
SF:src\bike\repository\bike.repository.ts
FN:8,(anonymous_2)
FN:10,(anonymous_3)
FN:14,(anonymous_4)
FN:18,(anonymous_5)
FN:22,(anonymous_6)
FN:26,(anonymous_7)
FNF:6
FNH:0
FNDA:0,(anonymous_2)
FNDA:0,(anonymous_3)
FNDA:0,(anonymous_4)
FNDA:0,(anonymous_5)
FNDA:0,(anonymous_6)
FNDA:0,(anonymous_7)
DA:1,2
DA:2,2
DA:7,2
DA:8,0
DA:11,0
DA:15,0
DA:19,0
DA:23,0
DA:27,0
LF:9
LH:3
BRF:0
BRH:0
end_of_record
TN:
SF:src\bike\schema\bike.schema.ts
FN:13,(anonymous_2)
FN:19,(anonymous_3)
FN:22,(anonymous_4)
FN:25,(anonymous_5)
FN:28,(anonymous_6)
FN:31,(anonymous_7)
FN:34,(anonymous_8)
FNF:7
FNH:0
FNDA:0,(anonymous_2)
FNDA:0,(anonymous_3)
FNDA:0,(anonymous_4)
FNDA:0,(anonymous_5)
FNDA:0,(anonymous_6)
FNDA:0,(anonymous_7)
FNDA:0,(anonymous_8)
DA:1,5
DA:2,5
DA:3,5
DA:6,5
DA:8,5
DA:11,5
DA:13,0
DA:14,5
DA:17,5
DA:19,0
DA:20,5
DA:22,0
DA:23,5
DA:25,0
DA:26,5
DA:28,0
DA:29,5
DA:31,0
DA:32,5
DA:34,0
DA:35,5
LF:21
LH:14
BRF:0
BRH:0
end_of_record
TN:
SF:src\crypt\crypt.module.ts
FNF:0
FNH:0
DA:1,0
DA:2,0
DA:7,0
LF:3
LH:0
BRF:0
BRH:0
end_of_record
TN:
SF:src\crypt\crypt.service.ts
FN:5,(anonymous_1)
FN:8,(anonymous_2)
FN:12,(anonymous_3)
FNF:3
FNH:1
FNDA:1,(anonymous_1)
FNDA:0,(anonymous_2)
FNDA:0,(anonymous_3)
DA:1,3
DA:2,3
DA:5,3
DA:6,1
DA:9,0
DA:13,0
LF:6
LH:4
BRF:0
BRH:0
end_of_record
TN:
SF:src\database\database.module.ts
FNF:0
FNH:0
DA:1,0
DA:2,0
DA:7,0
LF:3
LH:0
BRF:0
BRH:0
end_of_record
TN:
SF:src\database\service\prisma.service.ts
FN:7,(anonymous_2)
FN:10,(anonymous_3)
FN:15,(anonymous_4)
FN:20,(anonymous_5)
FN:21,(anonymous_6)
FNF:5
FNH:0
FNDA:0,(anonymous_2)
FNDA:0,(anonymous_3)
FNDA:0,(anonymous_4)
FNDA:0,(anonymous_5)
FNDA:0,(anonymous_6)
DA:1,8
DA:2,8
DA:5,8
DA:6,0
DA:8,0
DA:11,0
DA:12,0
DA:16,0
DA:17,0
DA:21,0
DA:22,0
LF:11
LH:3
BRF:0
BRH:0
end_of_record
TN:
SF:src\errors\bike-not-found-error.ts
FN:3,(anonymous_0)
FNF:1
FNH:1
FNDA:1,(anonymous_0)
DA:1,2
DA:2,1
DA:4,1
LF:3
LH:3
BRF:0
BRH:0
end_of_record
TN:
SF:src\errors\duplicate-user-error.ts
FN:3,(anonymous_0)
FNF:1
FNH:1
FNDA:2,(anonymous_0)
DA:1,2
DA:2,2
DA:4,2
LF:3
LH:3
BRF:0
BRH:0
end_of_record
TN:
SF:src\errors\duplicated-user-error.ts
FN:3,(anonymous_0)
FNF:1
FNH:0
FNDA:0,(anonymous_0)
DA:1,0
DA:2,0
DA:4,0
LF:3
LH:0
BRF:0
BRH:0
end_of_record
TN:
SF:src\errors\rent-not-found-error.ts
FN:3,(anonymous_0)
FNF:1
FNH:1
FNDA:1,(anonymous_0)
DA:1,1
DA:2,1
DA:4,1
LF:3
LH:3
BRF:0
BRH:0
end_of_record
TN:
SF:src\errors\unavailable-bike-error.ts
FN:3,(anonymous_0)
FNF:1
FNH:1
FNDA:2,(anonymous_0)
DA:1,1
DA:2,2
DA:4,2
LF:3
LH:3
BRF:0
BRH:0
end_of_record
TN:
SF:src\errors\user-has-open-rent.ts
FN:3,(anonymous_0)
FNF:1
FNH:1
FNDA:2,(anonymous_0)
DA:1,2
DA:2,2
DA:4,2
LF:3
LH:3
BRF:0
BRH:0
end_of_record
TN:
SF:src\errors\user-not-found-error.ts
FN:3,(anonymous_0)
FNF:1
FNH:1
FNDA:2,(anonymous_0)
DA:1,2
DA:2,2
DA:4,2
LF:3
LH:3
BRF:0
BRH:0
end_of_record
TN:
SF:src\errors\wrong-password-error.ts
FN:3,(anonymous_0)
FNF:1
FNH:1
FNDA:1,(anonymous_0)
DA:1,2
DA:2,1
DA:4,1
LF:3
LH:3
BRF:0
BRH:0
end_of_record
TN:
SF:src\maintenance\maintenance.module.ts
FNF:0
FNH:0
DA:1,0
DA:2,0
DA:3,0
DA:4,0
DA:9,0
LF:5
LH:0
BRF:0
BRH:0
end_of_record
TN:
SF:src\maintenance\maintenance.resolver.ts
FN:8,(anonymous_4)
FN:11,(anonymous_5)
FN:18,(anonymous_6)
FN:23,(anonymous_7)
FN:28,(anonymous_8)
FN:33,(anonymous_9)
FN:10,(anonymous_10)
FN:12,(anonymous_11)
FN:17,(anonymous_12)
FN:18,(anonymous_13)
FN:22,(anonymous_14)
FN:27,(anonymous_15)
FN:28,(anonymous_16)
FN:32,(anonymous_17)
FN:34,(anonymous_18)
FNF:15
FNH:1
FNDA:1,(anonymous_4)
FNDA:0,(anonymous_5)
FNDA:0,(anonymous_6)
FNDA:0,(anonymous_7)
FNDA:0,(anonymous_8)
FNDA:0,(anonymous_9)
FNDA:0,(anonymous_10)
FNDA:0,(anonymous_11)
FNDA:0,(anonymous_12)
FNDA:0,(anonymous_13)
FNDA:0,(anonymous_14)
FNDA:0,(anonymous_15)
FNDA:0,(anonymous_16)
FNDA:0,(anonymous_17)
FNDA:0,(anonymous_18)
DA:1,1
DA:2,1
DA:3,1
DA:4,1
DA:7,1
DA:8,1
DA:10,0
DA:11,1
DA:12,0
DA:14,0
DA:17,0
DA:18,1
DA:19,0
DA:22,0
DA:23,1
DA:24,0
DA:27,0
DA:28,1
DA:29,0
DA:32,0
DA:33,1
DA:34,0
DA:36,0
LF:23
LH:11
BRF:0
BRH:0
end_of_record
TN:
SF:src\maintenance\input\maintenance.input.ts
FN:11,(anonymous_2)
FN:14,(anonymous_3)
FN:17,(anonymous_4)
FN:20,(anonymous_5)
FNF:4
FNH:0
FNDA:0,(anonymous_2)
FNDA:0,(anonymous_3)
FNDA:0,(anonymous_4)
FNDA:0,(anonymous_5)
DA:1,1
DA:4,1
DA:6,1
DA:9,1
DA:11,0
DA:12,1
DA:14,0
DA:15,1
DA:17,0
DA:18,1
DA:20,0
DA:21,1
DA:24,1
DA:27,1
LF:14
LH:10
BRF:0
BRH:0
end_of_record
TN:
SF:src\maintenance\repository\maintenance.repository.ts
FN:8,(anonymous_2)
FN:10,(anonymous_3)
FN:29,(anonymous_4)
FN:33,(anonymous_5)
FN:37,(anonymous_6)
FN:41,(anonymous_7)
FNF:6
FNH:0
FNDA:0,(anonymous_2)
FNDA:0,(anonymous_3)
FNDA:0,(anonymous_4)
FNDA:0,(anonymous_5)
FNDA:0,(anonymous_6)
FNDA:0,(anonymous_7)
DA:1,1
DA:2,1
DA:7,1
DA:8,0
DA:11,0
DA:12,0
DA:30,0
DA:34,0
DA:38,0
DA:42,0
LF:10
LH:3
BRF:0
BRH:0
end_of_record
TN:
SF:src\maintenance\schema\maintenance.schema.ts
FN:13,(anonymous_2)
FN:16,(anonymous_3)
FN:19,(anonymous_4)
FN:22,(anonymous_5)
FN:25,(anonymous_6)
FN:31,(anonymous_7)
FNF:6
FNH:0
FNDA:0,(anonymous_2)
FNDA:0,(anonymous_3)
FNDA:0,(anonymous_4)
FNDA:0,(anonymous_5)
FNDA:0,(anonymous_6)
FNDA:0,(anonymous_7)
DA:1,5
DA:2,5
DA:3,5
DA:6,5
DA:8,5
DA:11,5
DA:13,0
DA:14,5
DA:16,0
DA:17,5
DA:19,0
DA:20,5
DA:22,0
DA:23,5
DA:25,0
DA:26,5
DA:29,5
DA:31,0
DA:32,5
DA:35,5
LF:20
LH:14
BRF:0
BRH:0
end_of_record
TN:
SF:src\model\model.module.ts
FNF:0
FNH:0
DA:1,0
DA:2,0
DA:7,0
LF:3
LH:0
BRF:0
BRH:0
end_of_record
TN:
SF:src\model\model.resolver.ts
FNF:0
FNH:0
DA:1,1
DA:4,1
LF:2
LH:2
BRF:0
BRH:0
end_of_record
TN:
SF:src\model-provider\model-provider.module.ts
FNF:0
FNH:0
DA:1,0
DA:2,0
DA:7,0
LF:3
LH:0
BRF:0
BRH:0
end_of_record
TN:
SF:src\model-provider\model-provider.resolver.ts
FNF:0
FNH:0
DA:1,1
DA:4,1
LF:2
LH:2
BRF:0
BRH:0
end_of_record
TN:
SF:src\model-provider\input\model-provider.input.ts
FNF:0
FNH:0
DA:1,0
DA:4,0
DA:6,0
DA:9,0
DA:12,0
LF:5
LH:0
BRF:0
BRH:0
end_of_record
TN:
SF:src\model-provider\repository\model-provider.repository.ts
FN:8,(anonymous_2)
FN:10,(anonymous_3)
FN:14,(anonymous_4)
FN:18,(anonymous_5)
FN:22,(anonymous_6)
FN:26,(anonymous_7)
FNF:6
FNH:0
FNDA:0,(anonymous_2)
FNDA:0,(anonymous_3)
FNDA:0,(anonymous_4)
FNDA:0,(anonymous_5)
FNDA:0,(anonymous_6)
FNDA:0,(anonymous_7)
DA:1,0
DA:2,0
DA:7,0
DA:8,0
DA:11,0
DA:15,0
DA:19,0
DA:23,0
DA:27,0
LF:9
LH:0
BRF:0
BRH:0
end_of_record
TN:
SF:src\model-provider\schema\model-provider.schema.ts
FN:10,(anonymous_2)
FN:16,(anonymous_3)
FNF:2
FNH:0
FNDA:0,(anonymous_2)
FNDA:0,(anonymous_3)
DA:1,5
DA:2,5
DA:3,5
DA:6,5
DA:8,5
DA:10,0
DA:11,5
DA:14,5
DA:16,0
DA:17,5
DA:20,5
LF:11
LH:9
BRF:0
BRH:0
end_of_record
TN:
SF:src\model\input\model.input.ts
FNF:0
FNH:0
DA:1,0
DA:3,0
DA:5,0
DA:8,0
LF:4
LH:0
BRF:0
BRH:0
end_of_record
TN:
SF:src\model\repository\model.repository.ts
FN:8,(anonymous_2)
FN:10,(anonymous_3)
FN:14,(anonymous_4)
FN:18,(anonymous_5)
FN:22,(anonymous_6)
FN:26,(anonymous_7)
FNF:6
FNH:0
FNDA:0,(anonymous_2)
FNDA:0,(anonymous_3)
FNDA:0,(anonymous_4)
FNDA:0,(anonymous_5)
FNDA:0,(anonymous_6)
FNDA:0,(anonymous_7)
DA:1,0
DA:3,0
DA:7,0
DA:8,0
DA:11,0
DA:15,0
DA:19,0
DA:23,0
DA:27,0
LF:9
LH:0
BRF:0
BRH:0
end_of_record
TN:
SF:src\model\schema\model.schema.ts
FN:13,(anonymous_2)
FN:16,(anonymous_3)
FNF:2
FNH:0
FNDA:0,(anonymous_2)
FNDA:0,(anonymous_3)
DA:1,5
DA:2,5
DA:3,5
DA:6,5
DA:8,5
DA:11,5
DA:13,0
DA:14,5
DA:16,0
DA:17,5
LF:10
LH:8
BRF:0
BRH:0
end_of_record
TN:
SF:src\provider\provider.module.ts
FNF:0
FNH:0
DA:1,0
DA:2,0
DA:7,0
LF:3
LH:0
BRF:0
BRH:0
end_of_record
TN:
SF:src\provider\provider.resolver.ts
FNF:0
FNH:0
DA:1,1
DA:4,1
LF:2
LH:2
BRF:0
BRH:0
end_of_record
TN:
SF:src\provider\input\provider.input.ts
FNF:0
FNH:0
DA:1,0
DA:4,0
DA:6,0
DA:9,0
DA:12,0
DA:15,0
DA:18,0
LF:7
LH:0
BRF:0
BRH:0
end_of_record
TN:
SF:src\provider\repository\provider.repository.ts
FN:8,(anonymous_2)
FN:10,(anonymous_3)
FN:14,(anonymous_4)
FN:18,(anonymous_5)
FN:22,(anonymous_6)
FN:26,(anonymous_7)
FNF:6
FNH:0
FNDA:0,(anonymous_2)
FNDA:0,(anonymous_3)
FNDA:0,(anonymous_4)
FNDA:0,(anonymous_5)
FNDA:0,(anonymous_6)
FNDA:0,(anonymous_7)
DA:1,0
DA:3,0
DA:7,0
DA:8,0
DA:11,0
DA:15,0
DA:19,0
DA:23,0
DA:27,0
LF:9
LH:0
BRF:0
BRH:0
end_of_record
TN:
SF:src\provider\schema\provider.schema.ts
FN:18,(anonymous_2)
FN:21,(anonymous_3)
FNF:2
FNH:0
FNDA:0,(anonymous_2)
FNDA:0,(anonymous_3)
DA:1,5
DA:2,5
DA:5,5
DA:7,5
DA:10,5
DA:13,5
DA:16,5
DA:18,0
DA:19,5
DA:21,0
DA:22,5
LF:11
LH:9
BRF:0
BRH:0
end_of_record
TN:
SF:src\rent\rent.module.ts
FNF:0
FNH:0
DA:1,0
DA:2,0
DA:3,0
DA:4,0
DA:5,0
DA:6,0
DA:7,0
DA:8,0
DA:9,0
DA:10,0
DA:25,0
LF:11
LH:0
BRF:0
BRH:0
end_of_record
TN:
SF:src\rent\rent.resolver.ts
FN:13,(anonymous_4)
FN:21,(anonymous_5)
FN:37,(anonymous_6)
FN:52,(anonymous_7)
FN:57,(anonymous_8)
FN:62,(anonymous_9)
FN:68,(anonymous_10)
FN:73,(anonymous_11)
FN:78,(anonymous_12)
FN:20,(anonymous_13)
FN:22,(anonymous_14)
FN:23,(anonymous_15)
FN:24,(anonymous_16)
FN:36,(anonymous_17)
FN:38,(anonymous_18)
FN:39,(anonymous_19)
FN:51,(anonymous_20)
FN:52,(anonymous_21)
FN:56,(anonymous_22)
FN:57,(anonymous_23)
FN:61,(anonymous_24)
FN:62,(anonymous_25)
FN:67,(anonymous_26)
FN:68,(anonymous_27)
FN:72,(anonymous_28)
FN:77,(anonymous_29)
FN:78,(anonymous_30)
FNF:27
FNH:3
FNDA:8,(anonymous_4)
FNDA:3,(anonymous_5)
FNDA:5,(anonymous_6)
FNDA:0,(anonymous_7)
FNDA:0,(anonymous_8)
FNDA:0,(anonymous_9)
FNDA:0,(anonymous_10)
FNDA:0,(anonymous_11)
FNDA:0,(anonymous_12)
FNDA:0,(anonymous_13)
FNDA:0,(anonymous_14)
FNDA:0,(anonymous_15)
FNDA:0,(anonymous_16)
FNDA:0,(anonymous_17)
FNDA:0,(anonymous_18)
FNDA:0,(anonymous_19)
FNDA:0,(anonymous_20)
FNDA:0,(anonymous_21)
FNDA:0,(anonymous_22)
FNDA:0,(anonymous_23)
FNDA:0,(anonymous_24)
FNDA:0,(anonymous_25)
FNDA:0,(anonymous_26)
FNDA:0,(anonymous_27)
FNDA:0,(anonymous_28)
FNDA:0,(anonymous_29)
FNDA:0,(anonymous_30)
DA:1,1
DA:2,1
DA:3,1
DA:4,1
DA:5,1
DA:6,1
DA:7,1
DA:8,1
DA:9,1
DA:12,1
DA:14,8
DA:15,8
DA:16,8
DA:17,8
DA:20,0
DA:21,1
DA:22,0
DA:23,0
DA:24,0
DA:26,3
DA:27,3
DA:28,2
DA:30,1
DA:31,1
DA:32,1
DA:33,1
DA:36,0
DA:37,1
DA:38,0
DA:39,0
DA:41,5
DA:42,5
DA:43,5
DA:44,4
DA:45,4
DA:46,4
DA:47,4
DA:48,4
DA:51,0
DA:52,1
DA:53,0
DA:56,0
DA:57,1
DA:58,0
DA:61,0
DA:62,1
DA:63,0
DA:64,0
DA:67,0
DA:68,1
DA:69,0
DA:72,0
DA:73,1
DA:74,0
DA:77,0
DA:78,1
DA:79,0
LF:57
LH:37
BRDA:27,0,0,2
BRDA:43,1,0,1
BRF:2
BRH:2
end_of_record
TN:
SF:src\rent\input\rent.input.ts
FN:32,(anonymous_2)
FN:8,(anonymous_3)
FN:11,(anonymous_4)
FN:14,(anonymous_5)
FN:17,(anonymous_6)
FNF:5
FNH:1
FNDA:1,(anonymous_2)
FNDA:0,(anonymous_3)
FNDA:0,(anonymous_4)
FNDA:0,(anonymous_5)
FNDA:0,(anonymous_6)
DA:1,2
DA:4,2
DA:6,2
DA:8,0
DA:9,2
DA:11,0
DA:12,2
DA:14,0
DA:15,2
DA:17,0
DA:18,2
DA:21,2
DA:24,2
DA:27,2
DA:30,2
DA:33,1
DA:34,1
DA:35,1
DA:36,1
LF:19
LH:15
BRF:0
BRH:0
end_of_record
TN:
SF:src\rent\repository\rent.repository.ts
FN:8,(anonymous_2)
FN:10,(anonymous_3)
FN:15,(anonymous_4)
FN:19,(anonymous_5)
FN:23,(anonymous_6)
FN:27,(anonymous_7)
FN:31,(anonymous_8)
FN:35,(anonymous_9)
FNF:8
FNH:0
FNDA:0,(anonymous_2)
FNDA:0,(anonymous_3)
FNDA:0,(anonymous_4)
FNDA:0,(anonymous_5)
FNDA:0,(anonymous_6)
FNDA:0,(anonymous_7)
FNDA:0,(anonymous_8)
FNDA:0,(anonymous_9)
DA:1,2
DA:2,2
DA:3,2
DA:7,2
DA:8,0
DA:11,0
DA:12,0
DA:16,0
DA:20,0
DA:24,0
DA:28,0
DA:32,0
DA:36,0
LF:13
LH:4
BRF:0
BRH:0
end_of_record
TN:
SF:src\rent\schema\rent.schema.ts
FN:12,(anonymous_2)
FN:15,(anonymous_3)
FN:18,(anonymous_4)
FN:21,(anonymous_5)
FN:30,(anonymous_6)
FN:36,(anonymous_7)
FN:42,(anonymous_8)
FN:45,(anonymous_9)
FNF:8
FNH:0
FNDA:0,(anonymous_2)
FNDA:0,(anonymous_3)
FNDA:0,(anonymous_4)
FNDA:0,(anonymous_5)
FNDA:0,(anonymous_6)
FNDA:0,(anonymous_7)
FNDA:0,(anonymous_8)
FNDA:0,(anonymous_9)
DA:1,5
DA:2,5
DA:3,5
DA:4,5
DA:5,5
DA:8,5
DA:10,5
DA:12,0
DA:13,5
DA:15,0
DA:16,5
DA:18,0
DA:19,5
DA:21,0
DA:22,5
DA:25,5
DA:28,5
DA:30,0
DA:31,5
DA:34,5
DA:36,0
DA:37,5
DA:40,5
DA:42,0
DA:43,5
DA:45,0
DA:46,5
LF:27
LH:19
BRF:0
BRH:0
end_of_record
TN:
SF:src\rent\service\pricing.service.ts
FN:24,(anonymous_1)
FN:33,(anonymous_2)
FN:42,(anonymous_3)
FNF:3
FNH:3
FNDA:28,(anonymous_1)
FNDA:18,(anonymous_2)
FNDA:13,(anonymous_3)
DA:1,2
DA:18,2
DA:25,28
DA:26,26
DA:27,21
DA:34,18
DA:35,18
DA:43,13
DA:44,13
DA:46,13
DA:49,13
DA:50,3
DA:54,13
DA:55,4
DA:58,13
LF:15
LH:15
BRDA:25,0,0,2
BRDA:26,1,0,5
BRDA:35,2,0,18
BRDA:35,2,1,17
BRDA:49,3,0,3
BRDA:54,4,0,4
BRF:6
BRH:6
end_of_record
TN:
SF:src\station\station.module.ts
FNF:0
FNH:0
DA:1,0
DA:2,0
DA:3,0
DA:4,0
DA:9,0
LF:5
LH:0
BRF:0
BRH:0
end_of_record
TN:
SF:src\station\station.resolver.ts
FN:8,(anonymous_4)
FN:11,(anonymous_5)
FN:16,(anonymous_6)
FN:21,(anonymous_7)
FN:26,(anonymous_8)
FN:31,(anonymous_9)
FN:10,(anonymous_10)
FN:11,(anonymous_11)
FN:15,(anonymous_12)
FN:16,(anonymous_13)
FN:20,(anonymous_14)
FN:21,(anonymous_15)
FN:25,(anonymous_16)
FN:30,(anonymous_17)
FN:31,(anonymous_18)
FNF:15
FNH:1
FNDA:1,(anonymous_4)
FNDA:0,(anonymous_5)
FNDA:0,(anonymous_6)
FNDA:0,(anonymous_7)
FNDA:0,(anonymous_8)
FNDA:0,(anonymous_9)
FNDA:0,(anonymous_10)
FNDA:0,(anonymous_11)
FNDA:0,(anonymous_12)
FNDA:0,(anonymous_13)
FNDA:0,(anonymous_14)
FNDA:0,(anonymous_15)
FNDA:0,(anonymous_16)
FNDA:0,(anonymous_17)
FNDA:0,(anonymous_18)
DA:1,1
DA:2,1
DA:3,1
DA:4,1
DA:7,1
DA:8,1
DA:10,0
DA:11,1
DA:12,0
DA:15,0
DA:16,1
DA:17,0
DA:20,0
DA:21,1
DA:22,0
DA:25,0
DA:26,1
DA:27,0
DA:30,0
DA:31,1
DA:32,0
LF:21
LH:11
BRF:0
BRH:0
end_of_record
TN:
SF:src\station-type\station-type.module.ts
FNF:0
FNH:0
DA:1,0
DA:2,0
DA:3,0
DA:4,0
DA:5,0
DA:6,0
DA:7,0
DA:8,0
DA:21,0
LF:9
LH:0
BRF:0
BRH:0
end_of_record
TN:
SF:src\station-type\station-type.resolver.ts
FN:8,(anonymous_4)
FN:11,(anonymous_5)
FN:19,(anonymous_6)
FN:24,(anonymous_7)
FN:32,(anonymous_8)
FN:37,(anonymous_9)
FN:10,(anonymous_10)
FN:12,(anonymous_11)
FN:13,(anonymous_12)
FN:18,(anonymous_13)
FN:19,(anonymous_14)
FN:23,(anonymous_15)
FN:25,(anonymous_16)
FN:26,(anonymous_17)
FN:31,(anonymous_18)
FN:36,(anonymous_19)
FN:37,(anonymous_20)
FNF:17
FNH:1
FNDA:1,(anonymous_4)
FNDA:0,(anonymous_5)
FNDA:0,(anonymous_6)
FNDA:0,(anonymous_7)
FNDA:0,(anonymous_8)
FNDA:0,(anonymous_9)
FNDA:0,(anonymous_10)
FNDA:0,(anonymous_11)
FNDA:0,(anonymous_12)
FNDA:0,(anonymous_13)
FNDA:0,(anonymous_14)
FNDA:0,(anonymous_15)
FNDA:0,(anonymous_16)
FNDA:0,(anonymous_17)
FNDA:0,(anonymous_18)
FNDA:0,(anonymous_19)
FNDA:0,(anonymous_20)
DA:1,1
DA:2,1
DA:3,1
DA:4,1
DA:7,1
DA:8,1
DA:10,0
DA:11,1
DA:12,0
DA:13,0
DA:15,0
DA:18,0
DA:19,1
DA:20,0
DA:23,0
DA:24,1
DA:25,0
DA:26,0
DA:28,0
DA:31,0
DA:32,1
DA:33,0
DA:36,0
DA:37,1
DA:38,0
LF:25
LH:11
BRF:0
BRH:0
end_of_record
TN:
SF:src\station-type\input\station-type.input.ts
FNF:0
FNH:0
DA:1,1
DA:4,1
DA:6,1
DA:9,1
DA:12,1
DA:15,1
LF:6
LH:6
BRF:0
BRH:0
end_of_record
TN:
SF:src\station-type\repository\station-type.repository.ts
FN:7,(anonymous_2)
FN:9,(anonymous_3)
FN:20,(anonymous_4)
FN:24,(anonymous_5)
FN:35,(anonymous_6)
FN:39,(anonymous_7)
FNF:6
FNH:0
FNDA:0,(anonymous_2)
FNDA:0,(anonymous_3)
FNDA:0,(anonymous_4)
FNDA:0,(anonymous_5)
FNDA:0,(anonymous_6)
FNDA:0,(anonymous_7)
DA:2,1
DA:3,1
DA:6,1
DA:7,0
DA:10,0
DA:21,0
DA:25,0
DA:36,0
DA:40,0
LF:9
LH:3
BRF:0
BRH:0
end_of_record
TN:
SF:src\station-type\schema\station-type.schema.ts
FNF:0
FNH:0
DA:1,1
DA:4,1
DA:6,1
DA:9,1
DA:12,1
DA:15,1
LF:6
LH:6
BRF:0
BRH:0
end_of_record
TN:
SF:src\station\input\station.input.ts
FNF:0
FNH:0
DA:1,1
DA:4,1
DA:6,1
DA:9,1
DA:12,1
DA:15,1
LF:6
LH:6
BRF:0
BRH:0
end_of_record
TN:
SF:src\station\repository\station.repository.ts
FN:7,(anonymous_2)
FN:8,(anonymous_3)
FN:12,(anonymous_4)
FN:16,(anonymous_5)
FN:20,(anonymous_6)
FN:24,(anonymous_7)
FNF:6
FNH:0
FNDA:0,(anonymous_2)
FNDA:0,(anonymous_3)
FNDA:0,(anonymous_4)
FNDA:0,(anonymous_5)
FNDA:0,(anonymous_6)
FNDA:0,(anonymous_7)
DA:2,1
DA:3,1
DA:6,1
DA:7,0
DA:9,0
DA:13,0
DA:17,0
DA:21,0
DA:25,0
LF:9
LH:3
BRF:0
BRH:0
end_of_record
TN:
SF:src\station\schema\station.schema.ts
FNF:0
FNH:0
DA:1,6
DA:4,6
DA:6,6
DA:9,6
DA:12,6
DA:15,6
LF:6
LH:6
BRF:0
BRH:0
end_of_record
TN:
SF:src\type\type.module.ts
FNF:0
FNH:0
DA:1,0
DA:2,0
DA:3,0
DA:4,0
DA:9,0
LF:5
LH:0
BRF:0
BRH:0
end_of_record
TN:
SF:src\type\type.resolver.ts
FN:8,(anonymous_4)
FN:11,(anonymous_5)
FN:16,(anonymous_6)
FN:21,(anonymous_7)
FN:26,(anonymous_8)
FN:31,(anonymous_9)
FN:10,(anonymous_10)
FN:11,(anonymous_11)
FN:15,(anonymous_12)
FN:16,(anonymous_13)
FN:20,(anonymous_14)
FN:21,(anonymous_15)
FN:25,(anonymous_16)
FN:30,(anonymous_17)
FN:31,(anonymous_18)
FNF:15
FNH:1
FNDA:1,(anonymous_4)
FNDA:0,(anonymous_5)
FNDA:0,(anonymous_6)
FNDA:0,(anonymous_7)
FNDA:0,(anonymous_8)
FNDA:0,(anonymous_9)
FNDA:0,(anonymous_10)
FNDA:0,(anonymous_11)
FNDA:0,(anonymous_12)
FNDA:0,(anonymous_13)
FNDA:0,(anonymous_14)
FNDA:0,(anonymous_15)
FNDA:0,(anonymous_16)
FNDA:0,(anonymous_17)
FNDA:0,(anonymous_18)
DA:1,1
DA:2,1
DA:3,1
DA:4,1
DA:7,1
DA:8,1
DA:10,0
DA:11,1
DA:12,0
DA:15,0
DA:16,1
DA:17,0
DA:20,0
DA:21,1
DA:22,0
DA:25,0
DA:26,1
DA:27,0
DA:30,0
DA:31,1
DA:32,0
LF:21
LH:11
BRF:0
BRH:0
end_of_record
TN:
SF:src\type\input\type.input.ts
FNF:0
FNH:0
DA:1,1
DA:4,1
DA:6,1
DA:9,1
LF:4
LH:4
BRF:0
BRH:0
end_of_record
TN:
SF:src\type\repository\type.repository.ts
FN:7,(anonymous_2)
FN:9,(anonymous_3)
FN:13,(anonymous_4)
FN:17,(anonymous_5)
FN:21,(anonymous_6)
FN:25,(anonymous_7)
FNF:6
FNH:0
FNDA:0,(anonymous_2)
FNDA:0,(anonymous_3)
FNDA:0,(anonymous_4)
FNDA:0,(anonymous_5)
FNDA:0,(anonymous_6)
FNDA:0,(anonymous_7)
DA:2,1
DA:3,1
DA:6,1
DA:7,0
DA:10,0
DA:14,0
DA:18,0
DA:22,0
DA:26,0
LF:9
LH:3
BRF:0
BRH:0
end_of_record
TN:
SF:src\type\schema\type.schema.ts
FNF:0
FNH:0
DA:1,1
DA:4,1
DA:6,1
DA:9,1
LF:4
LH:4
BRF:0
BRH:0
end_of_record
TN:
SF:src\user\user.module.ts
FNF:0
FNH:0
DA:1,0
DA:2,0
DA:3,0
DA:4,0
DA:5,0
DA:6,0
DA:11,0
LF:7
LH:0
BRF:0
BRH:0
end_of_record
TN:
SF:src\user\user.resolver.ts
FN:14,(anonymous_4)
FN:21,(anonymous_5)
FN:28,(anonymous_6)
FN:35,(anonymous_7)
FN:45,(anonymous_8)
FN:57,(anonymous_9)
FN:64,(anonymous_10)
FN:20,(anonymous_11)
FN:21,(anonymous_12)
FN:27,(anonymous_13)
FN:28,(anonymous_14)
FN:34,(anonymous_15)
FN:35,(anonymous_16)
FN:44,(anonymous_17)
FN:46,(anonymous_18)
FN:47,(anonymous_19)
FN:56,(anonymous_20)
FN:57,(anonymous_21)
FN:63,(anonymous_22)
FNF:19
FNH:5
FNDA:12,(anonymous_4)
FNDA:4,(anonymous_5)
FNDA:0,(anonymous_6)
FNDA:4,(anonymous_7)
FNDA:4,(anonymous_8)
FNDA:4,(anonymous_9)
FNDA:0,(anonymous_10)
FNDA:0,(anonymous_11)
FNDA:0,(anonymous_12)
FNDA:0,(anonymous_13)
FNDA:0,(anonymous_14)
FNDA:0,(anonymous_15)
FNDA:0,(anonymous_16)
FNDA:0,(anonymous_17)
FNDA:0,(anonymous_18)
FNDA:0,(anonymous_19)
FNDA:0,(anonymous_20)
FNDA:0,(anonymous_21)
FNDA:0,(anonymous_22)
DA:1,2
DA:2,2
DA:3,2
DA:4,2
DA:5,2
DA:6,2
DA:7,2
DA:8,2
DA:9,2
DA:10,2
DA:13,2
DA:15,12
DA:16,12
DA:17,12
DA:20,0
DA:21,2
DA:22,4
DA:23,4
DA:24,3
DA:27,0
DA:28,2
DA:29,0
DA:30,0
DA:31,0
DA:34,0
DA:35,2
DA:36,4
DA:37,2
DA:39,2
DA:40,2
DA:41,2
DA:44,0
DA:45,2
DA:46,0
DA:47,0
DA:49,4
DA:50,4
DA:51,3
DA:52,3
DA:53,2
DA:56,0
DA:57,2
DA:58,4
DA:59,3
DA:60,1
DA:63,0
DA:64,2
DA:65,0
LF:48
LH:36
BRDA:23,0,0,1
BRDA:30,1,0,0
BRDA:36,2,0,2
BRDA:50,3,0,1
BRDA:52,4,0,1
BRDA:59,5,0,2
BRF:6
BRH:5
end_of_record
TN:
SF:src\user\input\user.input.ts
FNF:0
FNH:0
DA:1,2
DA:4,2
DA:6,2
DA:9,2
DA:12,2
DA:15,2
DA:18,2
DA:21,2
DA:24,2
DA:27,2
LF:10
LH:10
BRF:0
BRH:0
end_of_record
TN:
SF:src\user\repository\user.repository.ts
FN:8,(anonymous_2)
FN:10,(anonymous_3)
FN:14,(anonymous_4)
FN:18,(anonymous_5)
FN:22,(anonymous_6)
FN:26,(anonymous_7)
FN:30,(anonymous_8)
FNF:7
FNH:0
FNDA:0,(anonymous_2)
FNDA:0,(anonymous_3)
FNDA:0,(anonymous_4)
FNDA:0,(anonymous_5)
FNDA:0,(anonymous_6)
FNDA:0,(anonymous_7)
FNDA:0,(anonymous_8)
DA:3,2
DA:4,2
DA:7,2
DA:8,0
DA:11,0
DA:15,0
DA:19,0
DA:23,0
DA:27,0
DA:31,0
LF:10
LH:3
BRF:0
BRH:0
end_of_record
TN:
SF:src\user\schema\user.schema.ts
FN:30,(anonymous_2)
FNF:1
FNH:0
FNDA:0,(anonymous_2)
DA:1,5
DA:2,5
DA:5,5
DA:7,5
DA:10,5
DA:13,5
DA:16,5
DA:19,5
DA:22,5
DA:25,5
DA:28,5
DA:30,0
DA:31,5
LF:13
LH:12
BRF:0
BRH:0
end_of_record
